Proyecto_OS/app/build/outputs/logs/manifest-merger-debug-report.txt
-- Merging decision tree log ---
manifest
ADDED from AndroidManifest.xml:1:1
	package
		ADDED from AndroidManifest.xml:2:5
		INJECTED from AndroidManifest.xml:0:0
		INJECTED from AndroidManifest.xml:0:0
	android:versionName
		ADDED from AndroidManifest.xml:4:5
	android:versionCode
		ADDED from AndroidManifest.xml:3:5
		INJECTED from AndroidManifest.xml:0:0
		INJECTED from AndroidManifest.xml:0:0
	xmlns:android
		ADDED from AndroidManifest.xml:1:11
uses-sdk
ADDED from AndroidManifest.xml:6:5
	android:targetSdkVersion
		ADDED from AndroidManifest.xml:8:9
		INJECTED from AndroidManifest.xml:0:0
		INJECTED from AndroidManifest.xml:0:0
	android:minSdkVersion
		ADDED from AndroidManifest.xml:7:9
		INJECTED from AndroidManifest.xml:0:0
		INJECTED from AndroidManifest.xml:0:0
uses-permission#android.permission.INTERNET
ADDED from AndroidManifest.xml:10:5
	android:name
		ADDED from AndroidManifest.xml:10:22
uses-permission#android.permission.ACCESS_NETWORK_STATE
ADDED from AndroidManifest.xml:11:2
	android:name
		ADDED from AndroidManifest.xml:11:19
application
ADDED from AndroidManifest.xml:13:5
	android:label
		ADDED from AndroidManifest.xml:16:9
	android:allowBackup
		ADDED from AndroidManifest.xml:14:9
	android:icon
		ADDED from AndroidManifest.xml:15:9
	android:theme
		ADDED from AndroidManifest.xml:17:9
activity#com.baidar.androidChatter.ListaDeAmigos
ADDED from AndroidManifest.xml:18:5
	android:screenOrientation
		ADDED from AndroidManifest.xml:18:45
	android:name
		ADDED from AndroidManifest.xml:18:15
intent-filter#android.intent.action.MAIN+android.intent.category.NORMAL
ADDED from AndroidManifest.xml:19:4
action#android.intent.action.MAIN
ADDED from AndroidManifest.xml:20:5
	android:name
		ADDED from AndroidManifest.xml:20:13
category#android.intent.category.NORMAL
ADDED from AndroidManifest.xml:21:5
	android:name
		ADDED from AndroidManifest.xml:22:6
service#com.baidar.androidChatter.servicio.MessagingService
ADDED from AndroidManifest.xml:27:3
	android:name
		ADDED from AndroidManifest.xml:27:12
activity#com.baidar.androidChatter.IniciarSesion
ADDED from AndroidManifest.xml:28:3
	android:screenOrientation
		ADDED from AndroidManifest.xml:28:44
	android:name
		ADDED from AndroidManifest.xml:28:13
intent-filter#android.intent.action.MAIN+android.intent.category.LAUNCHER
ADDED from AndroidManifest.xml:29:4
category#android.intent.category.LAUNCHER
ADDED from AndroidManifest.xml:31:5
	android:name
		ADDED from AndroidManifest.xml:31:15
activity#com.baidar.androidChatter.RealizarMensaje
ADDED from AndroidManifest.xml:35:3
	android:screenOrientation
		ADDED from AndroidManifest.xml:35:46
	android:name
		ADDED from AndroidManifest.xml:35:13
activity#com.baidar.androidChatter.CrearUsuario
ADDED from AndroidManifest.xml:45:2
	android:screenOrientation
		ADDED from AndroidManifest.xml:45:41
	android:name
		ADDED from AndroidManifest.xml:45:12
activity#com.baidar.androidChatter.AgregarAmigos
ADDED from AndroidManifest.xml:49:1
	android:screenOrientation
		ADDED from AndroidManifest.xml:49:41
	android:name
		ADDED from AndroidManifest.xml:49:11
activity#com.baidar.androidChatter.WaitingListFriends
ADDED from AndroidManifest.xml:53:1
	android:screenOrientation
		ADDED from AndroidManifest.xml:53:71
	android:name
		ADDED from AndroidManifest.xml:53:11